Arguments: 
  C:\Program Files\nodejs\node.exe C:\Users\Pedro Santos\AppData\Roaming\npm\node_modules\yarn\bin\yarn.js init

PATH: 
  C:\Users\Pedro Santos\bin;C:\Program Files\Git\mingw64\bin;C:\Program Files\Git\usr\local\bin;C:\Program Files\Git\usr\bin;C:\Program Files\Git\usr\bin;C:\Program Files\Git\mingw64\bin;C:\Program Files\Git\usr\bin;C:\Users\Pedro Santos\bin;C:\Python27;C:\Python27\Scripts;C:\Program Files\Broadcom\Broadcom 802.11 Network Adapter;C:\ProgramData\Oracle\Java\javapath;C:\Program Files\Broadcom\Broadcom 802.11;C:\Program Files (x86)\Intel\iCLS Client;C:\Program Files\Intel\iCLS Client;C:\WINDOWS\system32;C:\WINDOWS;C:\WINDOWS\System32\Wbem;C:\WINDOWS\System32\WindowsPowerShell\v1.0;C:\Program Files\Hewlett-Packard\SimplePass;C:\Program Files\Intel\Intel(R) Management Engine Components\DAL;C:\Program Files\Intel\Intel(R) Management Engine Components\IPT;C:\Program Files (x86)\Intel\Intel(R) Management Engine Components\DAL;C:\Program Files (x86)\Intel\Intel(R) Management Engine Components\IPT;C:\Program Files (x86)\Windows Live\Shared;C:\WINDOWS\system32\config\systemprofile\.dnx\bin;C:\Program Files\Microsoft DNX\Dnvm;C:\Program Files (x86)\Microsoft SQL Server\100\Tools\Binn;C:\Program Files\Microsoft SQL Server\100\Tools\Binn;C:\Program Files\Microsoft SQL Server\100\DTS\Binn;C:\Program Files\Microsoft SQL Server\110\Tools\Binn;C:\Program Files (x86)\MySQL\MySQL Fabric 1.5.3 & MySQL Utilities 1.5.3 1.5;C:\Program Files (x86)\MySQL\MySQL Fabric 1.5.3 & MySQL Utilities 1.5.3 1.5\Doctrine extensions for PHP;C:\Program Files\Git\cmd;C:\Program Files (x86)\Skype\Phone;C:\xampp\php;C:\ProgramData\ComposerSetup\bin;C:\Program Files (x86)\Brackets\command;C:\Program Files\nodejs;C:\Users\Pedro Santos\AppData\Local\Programs\Python\Python35-32\Scripts;C:\Users\Pedro Santos\AppData\Local\Programs\Python\Python35-32;C:\Users\Pedro Santos\AppData\Local\Microsoft\WindowsApps;C:\Users\Pedro Santos\AppData\Roaming\Composer\vendor\bin;C:\Users\Pedro Santos\AppData\Roaming\npm;C:\Program Files\Microsoft VS Code\bin;C:\Program Files\Git\usr\bin\vendor_perl;C:\Program Files\Git\usr\bin\core_perl

Yarn version: 
  1.3.2

Node version: 
  8.8.1

Platform: 
  win32 x64

npm manifest: 
  No manifest

yarn manifest: 
  No manifest

Lockfile: 
  No lockfile

Trace: 
  Error: Can't answer a question unless a user TTY
      at ConsoleReporter.question (C:\Users\Pedro Santos\AppData\Roaming\npm\node_modules\yarn\lib\cli.js:87314:59)
      at Object.<anonymous> (C:\Users\Pedro Santos\AppData\Roaming\npm\node_modules\yarn\lib\cli.js:81822:38)
      at Generator.next (<anonymous>)
      at step (C:\Users\Pedro Santos\AppData\Roaming\npm\node_modules\yarn\lib\cli.js:92:30)
      at C:\Users\Pedro Santos\AppData\Roaming\npm\node_modules\yarn\lib\cli.js:103:13
      at <anonymous>
